<?xml version="1.0" encoding="UTF-8"?>
<!-- Generated by org.testng.reporters.JUnitReportReporter -->
<testsuite skipped="0" hostname="lslcwksg6161309" name="PopUpTest" tests="1" failures="0" timestamp="03 Sep 2019 15:32:41 GMT" time="16.263" errors="0">
  <testcase name="popUpTest" time="16.263" classname="PopUpTest"/>
</testsuite> <!-- PopUpTest -->
