<?xml version="1.0" encoding="UTF-8"?>
<!-- Generated by org.testng.reporters.JUnitReportReporter -->
<testsuite skipped="0" hostname="lslcwksg6161309" name="PopUpTest1" tests="1" failures="0" timestamp="03 Sep 2019 15:57:37 GMT" time="32.068" errors="0">
  <testcase name="popUpTest" time="32.068" classname="PopUpTest1"/>
</testsuite> <!-- PopUpTest1 -->
