<?xml version="1.0" encoding="UTF-8"?>
<!-- Generated by org.testng.reporters.JUnitReportReporter -->
<testsuite skipped="0" hostname="lslcwksg6161309" name="ChatPopUpTest" tests="1" failures="0" timestamp="03 Sep 2019 19:57:41 GMT" time="12.121" errors="0">
  <testcase name="popUpTest" time="12.121" classname="ChatPopUpTest"/>
</testsuite> <!-- ChatPopUpTest -->
