<?xml version="1.0" encoding="UTF-8"?>
<!-- Generated by org.testng.reporters.JUnitReportReporter -->
<testsuite skipped="0" hostname="lslcwksg6161309" name="FreeCRMTest" tests="2" failures="0" timestamp="01 Sep 2019 05:36:56 GMT" time="19.550" errors="0">
  <testcase name="freeCRMLogoTest" time="10.401" classname="FreeCRMTest"/>
  <testcase name="getCRMTitleTest" time="9.149" classname="FreeCRMTest"/>
</testsuite> <!-- FreeCRMTest -->
